<?xml version="1.0" encoding="UTF-8"?>
<testng-results skipped="0" failed="0" ignored="0" total="1" passed="1">
  <reporter-output>
  </reporter-output>
  <suite name="Default suite" duration-ms="36463" started-at="2022-05-04T19:10:48 EET" finished-at="2022-05-04T19:11:24 EET">
    <groups>
    </groups>
    <test name="Default test" duration-ms="36463" started-at="2022-05-04T19:10:48 EET" finished-at="2022-05-04T19:11:24 EET">
      <class name="com.Baims.testcases.LoginPageTest">
        <test-method status="PASS" signature="setup(java.lang.reflect.Method)[pri:0, instance:com.Baims.testcases.LoginPageTest@7403c468]" name="setup" is-config="true" duration-ms="20272" started-at="2022-05-04T19:10:48 EET" finished-at="2022-05-04T19:11:08 EET">
          <params>
            <param index="0">
              <value>
                <![CDATA[public void com.Baims.testcases.LoginPageTest.checkForgotPasswordFunctionality()]]>
              </value>
            </param>
          </params>
          <reporter-output>
          </reporter-output>
        </test-method> <!-- setup -->
        <test-method status="PASS" signature="checkForgotPasswordFunctionality()[pri:3, instance:com.Baims.testcases.LoginPageTest@7403c468]" name="checkForgotPasswordFunctionality" duration-ms="16121" started-at="2022-05-04T19:11:08 EET" finished-at="2022-05-04T19:11:24 EET">
          <reporter-output>
          </reporter-output>
        </test-method> <!-- checkForgotPasswordFunctionality -->
        <test-method status="PASS" signature="tearDown(java.lang.reflect.Method, org.testng.ITestResult)[pri:0, instance:com.Baims.testcases.LoginPageTest@7403c468]" name="tearDown" is-config="true" duration-ms="2" started-at="2022-05-04T19:11:24 EET" finished-at="2022-05-04T19:11:24 EET">
          <params>
            <param index="0">
              <value>
                <![CDATA[public void com.Baims.testcases.LoginPageTest.checkForgotPasswordFunctionality()]]>
              </value>
            </param>
            <param index="1">
              <value>
                <![CDATA[[TestResult name=checkForgotPasswordFunctionality status=SUCCESS method=LoginPageTest.checkForgotPasswordFunctionality()[pri:3, instance:com.Baims.testcases.LoginPageTest@7403c468] output={null}]]]>
              </value>
            </param>
          </params>
          <reporter-output>
          </reporter-output>
        </test-method> <!-- tearDown -->
      </class> <!-- com.Baims.testcases.LoginPageTest -->
    </test> <!-- Default test -->
  </suite> <!-- Default suite -->
</testng-results>
